\BOOKMARK [1][-]{section.1}{\376\377\000Q\0003\000.\0001\000\040\000T\000o\000p\000\040\0001\0000\000\040\000u\000p\000-\000r\000e\000g\000u\000l\000a\000t\000e\000d\000\040\000t\000r\000a\000n\000s\000c\000r\000i\000p\000t\000s\000\040\000w\000i\000t\000h\000o\000u\000t\000\040\000a\000d\000j\000u\000s\000t\000e\000m\000e\000n\000t\000\040\000f\000o\000r\000\040\000c\000o\000n\000f\000o\000n\000d\000a\000n\000t\000\040\000e\000f\000f\000e\000c\000t}{}% 1
\BOOKMARK [2][-]{subsection.1.1}{\376\377\000C\000l\000u\000s\000t\000e\000r\000\040\0000\000\040}{section.1}% 2
\BOOKMARK [2][-]{subsection.1.2}{\376\377\000C\000l\000u\000s\000t\000e\000r\000\040\0001\000\040}{section.1}% 3
\BOOKMARK [2][-]{subsection.1.3}{\376\377\000C\000l\000u\000s\000t\000e\000r\000\040\0002\000\040}{section.1}% 4
\BOOKMARK [2][-]{subsection.1.4}{\376\377\000C\000l\000u\000s\000t\000e\000r\000\040\0003\000\040}{section.1}% 5
\BOOKMARK [2][-]{subsection.1.5}{\376\377\000C\000l\000u\000s\000t\000e\000r\000\040\0004\000\040}{section.1}% 6
\BOOKMARK [2][-]{subsection.1.6}{\376\377\000C\000l\000u\000s\000t\000e\000r\000\040\0005\000\040}{section.1}% 7
\BOOKMARK [2][-]{subsection.1.7}{\376\377\000C\000l\000u\000s\000t\000e\000r\000\040\0006\000\040}{section.1}% 8
\BOOKMARK [2][-]{subsection.1.8}{\376\377\000C\000l\000u\000s\000t\000e\000r\000\040\0007\000\040}{section.1}% 9
\BOOKMARK [2][-]{subsection.1.9}{\376\377\000C\000l\000u\000s\000t\000e\000r\000\040\0008\000\040}{section.1}% 10
\BOOKMARK [2][-]{subsection.1.10}{\376\377\000C\000l\000u\000s\000t\000e\000r\000\040\0009\000\040}{section.1}% 11
\BOOKMARK [2][-]{subsection.1.11}{\376\377\000C\000l\000u\000s\000t\000e\000r\000\040\0001\0000\000\040}{section.1}% 12
\BOOKMARK [2][-]{subsection.1.12}{\376\377\000C\000l\000u\000s\000t\000e\000r\000\040\0001\0001\000\040}{section.1}% 13
\BOOKMARK [2][-]{subsection.1.13}{\376\377\000C\000l\000u\000s\000t\000e\000r\000\040\0001\0002\000\040}{section.1}% 14
\BOOKMARK [2][-]{subsection.1.14}{\376\377\000C\000l\000u\000s\000t\000e\000r\000\040\0001\0003\000\040}{section.1}% 15
\BOOKMARK [2][-]{subsection.1.15}{\376\377\000C\000l\000u\000s\000t\000e\000r\000\040\0001\0004\000\040}{section.1}% 16
\BOOKMARK [2][-]{subsection.1.16}{\376\377\000C\000l\000u\000s\000t\000e\000r\000\040\0001\0005\000\040}{section.1}% 17
\BOOKMARK [2][-]{subsection.1.17}{\376\377\000C\000l\000u\000s\000t\000e\000r\000\040\0001\0006\000\040}{section.1}% 18
\BOOKMARK [2][-]{subsection.1.18}{\376\377\000C\000l\000u\000s\000t\000e\000r\000\040\0001\0007\000\040}{section.1}% 19
\BOOKMARK [2][-]{subsection.1.19}{\376\377\000C\000l\000u\000s\000t\000e\000r\000\040\0001\0008\000\040}{section.1}% 20
\BOOKMARK [2][-]{subsection.1.20}{\376\377\000C\000l\000u\000s\000t\000e\000r\000\040\0001\0009\000\040}{section.1}% 21
\BOOKMARK [2][-]{subsection.1.21}{\376\377\000C\000l\000u\000s\000t\000e\000r\000\040\0002\0000\000\040}{section.1}% 22
\BOOKMARK [2][-]{subsection.1.22}{\376\377\000C\000l\000u\000s\000t\000e\000r\000\040\0002\0001\000\040}{section.1}% 23
\BOOKMARK [2][-]{subsection.1.23}{\376\377\000C\000l\000u\000s\000t\000e\000r\000\040\0002\0002\000\040}{section.1}% 24
\BOOKMARK [2][-]{subsection.1.24}{\376\377\000C\000l\000u\000s\000t\000e\000r\000\040\0002\0003\000\040}{section.1}% 25
\BOOKMARK [2][-]{subsection.1.25}{\376\377\000C\000l\000u\000s\000t\000e\000r\000\040\0002\0004\000\040}{section.1}% 26
\BOOKMARK [2][-]{subsection.1.26}{\376\377\000C\000l\000u\000s\000t\000e\000r\000\040\0002\0005\000\040}{section.1}% 27
\BOOKMARK [2][-]{subsection.1.27}{\376\377\000C\000l\000u\000s\000t\000e\000r\000\040\0002\0006\000\040}{section.1}% 28
\BOOKMARK [2][-]{subsection.1.28}{\376\377\000C\000l\000u\000s\000t\000e\000r\000\040\0002\0007\000\040}{section.1}% 29
\BOOKMARK [2][-]{subsection.1.29}{\376\377\000C\000l\000u\000s\000t\000e\000r\000\040\0002\0008\000\040}{section.1}% 30
\BOOKMARK [2][-]{subsection.1.30}{\376\377\000C\000l\000u\000s\000t\000e\000r\000\040\0002\0009\000\040}{section.1}% 31
\BOOKMARK [2][-]{subsection.1.31}{\376\377\000C\000l\000u\000s\000t\000e\000r\000\040\0003\0000\000\040}{section.1}% 32
\BOOKMARK [2][-]{subsection.1.32}{\376\377\000C\000l\000u\000s\000t\000e\000r\000\040\0003\0001\000\040}{section.1}% 33
\BOOKMARK [1][-]{section.2}{\376\377\000Q\0003\000.\0001\000\040\000T\000o\000p\000\040\0001\0000\000\040\000u\000p\000-\000r\000e\000g\000u\000l\000a\000t\000e\000d\000\040\000t\000r\000a\000n\000s\000c\000r\000i\000p\000t\000\040\000w\000i\000t\000h\000\040\000a\000d\000j\000u\000s\000t\000e\000m\000e\000n\000t\000\040\000f\000o\000r\000\040\000c\000o\000n\000f\000o\000n\000d\000a\000n\000t\000\040\000e\000f\000f\000e\000c\000t}{}% 34
\BOOKMARK [2][-]{subsection.2.1}{\376\377\000C\000l\000u\000s\000t\000e\000r\000\040\0000\000\040}{section.2}% 35
\BOOKMARK [2][-]{subsection.2.2}{\376\377\000C\000l\000u\000s\000t\000e\000r\000\040\0001\000\040}{section.2}% 36
\BOOKMARK [2][-]{subsection.2.3}{\376\377\000C\000l\000u\000s\000t\000e\000r\000\040\0002\000\040}{section.2}% 37
\BOOKMARK [2][-]{subsection.2.4}{\376\377\000C\000l\000u\000s\000t\000e\000r\000\040\0003\000\040}{section.2}% 38
\BOOKMARK [2][-]{subsection.2.5}{\376\377\000C\000l\000u\000s\000t\000e\000r\000\040\0004\000\040}{section.2}% 39
\BOOKMARK [2][-]{subsection.2.6}{\376\377\000C\000l\000u\000s\000t\000e\000r\000\040\0005\000\040}{section.2}% 40
\BOOKMARK [2][-]{subsection.2.7}{\376\377\000C\000l\000u\000s\000t\000e\000r\000\040\0006\000\040}{section.2}% 41
\BOOKMARK [2][-]{subsection.2.8}{\376\377\000C\000l\000u\000s\000t\000e\000r\000\040\0007\000\040}{section.2}% 42
\BOOKMARK [2][-]{subsection.2.9}{\376\377\000C\000l\000u\000s\000t\000e\000r\000\040\0008\000\040}{section.2}% 43
\BOOKMARK [2][-]{subsection.2.10}{\376\377\000C\000l\000u\000s\000t\000e\000r\000\040\0009\000\040}{section.2}% 44
\BOOKMARK [2][-]{subsection.2.11}{\376\377\000C\000l\000u\000s\000t\000e\000r\000\040\0001\0000\000\040}{section.2}% 45
\BOOKMARK [2][-]{subsection.2.12}{\376\377\000C\000l\000u\000s\000t\000e\000r\000\040\0001\0001\000\040}{section.2}% 46
\BOOKMARK [2][-]{subsection.2.13}{\376\377\000C\000l\000u\000s\000t\000e\000r\000\040\0001\0002\000\040}{section.2}% 47
\BOOKMARK [2][-]{subsection.2.14}{\376\377\000C\000l\000u\000s\000t\000e\000r\000\040\0001\0003\000\040}{section.2}% 48
\BOOKMARK [2][-]{subsection.2.15}{\376\377\000C\000l\000u\000s\000t\000e\000r\000\040\0001\0004\000\040}{section.2}% 49
\BOOKMARK [2][-]{subsection.2.16}{\376\377\000C\000l\000u\000s\000t\000e\000r\000\040\0001\0005\000\040}{section.2}% 50
\BOOKMARK [2][-]{subsection.2.17}{\376\377\000C\000l\000u\000s\000t\000e\000r\000\040\0001\0006\000\040}{section.2}% 51
\BOOKMARK [2][-]{subsection.2.18}{\376\377\000C\000l\000u\000s\000t\000e\000r\000\040\0001\0007\000\040}{section.2}% 52
\BOOKMARK [2][-]{subsection.2.19}{\376\377\000C\000l\000u\000s\000t\000e\000r\000\040\0001\0008\000\040}{section.2}% 53
\BOOKMARK [2][-]{subsection.2.20}{\376\377\000C\000l\000u\000s\000t\000e\000r\000\040\0001\0009\000\040}{section.2}% 54
\BOOKMARK [2][-]{subsection.2.21}{\376\377\000C\000l\000u\000s\000t\000e\000r\000\040\0002\0000\000\040}{section.2}% 55
\BOOKMARK [2][-]{subsection.2.22}{\376\377\000C\000l\000u\000s\000t\000e\000r\000\040\0002\0001\000\040}{section.2}% 56
\BOOKMARK [2][-]{subsection.2.23}{\376\377\000C\000l\000u\000s\000t\000e\000r\000\040\0002\0002\000\040}{section.2}% 57
\BOOKMARK [2][-]{subsection.2.24}{\376\377\000C\000l\000u\000s\000t\000e\000r\000\040\0002\0003\000\040}{section.2}% 58
\BOOKMARK [2][-]{subsection.2.25}{\376\377\000C\000l\000u\000s\000t\000e\000r\000\040\0002\0004\000\040}{section.2}% 59
\BOOKMARK [2][-]{subsection.2.26}{\376\377\000C\000l\000u\000s\000t\000e\000r\000\040\0002\0005\000\040}{section.2}% 60
\BOOKMARK [2][-]{subsection.2.27}{\376\377\000C\000l\000u\000s\000t\000e\000r\000\040\0002\0006\000\040}{section.2}% 61
\BOOKMARK [2][-]{subsection.2.28}{\376\377\000C\000l\000u\000s\000t\000e\000r\000\040\0002\0007\000\040}{section.2}% 62
\BOOKMARK [2][-]{subsection.2.29}{\376\377\000C\000l\000u\000s\000t\000e\000r\000\040\0002\0008\000\040}{section.2}% 63
\BOOKMARK [2][-]{subsection.2.30}{\376\377\000C\000l\000u\000s\000t\000e\000r\000\040\0002\0009\000\040}{section.2}% 64
\BOOKMARK [2][-]{subsection.2.31}{\376\377\000C\000l\000u\000s\000t\000e\000r\000\040\0003\0000\000\040}{section.2}% 65
\BOOKMARK [2][-]{subsection.2.32}{\376\377\000C\000l\000u\000s\000t\000e\000r\000\040\0003\0001\000\040}{section.2}% 66
\BOOKMARK [1][-]{section.3}{\376\377\000Q\0003\000.\0002\000\040\000T\000o\000p\000\040\0001\0000\000\040\000u\000p\000-\000r\000e\000g\000u\000l\000a\000t\000e\000d\000\040\000p\000a\000t\000h\000w\000a\000y\000s\000\040\000w\000i\000t\000h\000o\000u\000t\000\040\000a\000d\000j\000u\000s\000t\000e\000m\000e\000n\000t\000\040\000f\000o\000r\000\040\000c\000o\000n\000f\000o\000n\000d\000a\000n\000t\000\040\000e\000f\000f\000e\000c\000t}{}% 67
\BOOKMARK [2][-]{subsection.3.1}{\376\377\000C\000l\000u\000s\000t\000e\000r\000\040\0000\000\040}{section.3}% 68
\BOOKMARK [2][-]{subsection.3.2}{\376\377\000C\000l\000u\000s\000t\000e\000r\000\040\0001\000\040}{section.3}% 69
\BOOKMARK [2][-]{subsection.3.3}{\376\377\000C\000l\000u\000s\000t\000e\000r\000\040\0001\0000\000\040}{section.3}% 70
\BOOKMARK [2][-]{subsection.3.4}{\376\377\000C\000l\000u\000s\000t\000e\000r\000\040\0001\0001\000\040}{section.3}% 71
\BOOKMARK [2][-]{subsection.3.5}{\376\377\000C\000l\000u\000s\000t\000e\000r\000\040\0001\0002\000\040}{section.3}% 72
\BOOKMARK [2][-]{subsection.3.6}{\376\377\000C\000l\000u\000s\000t\000e\000r\000\040\0001\0003\000\040}{section.3}% 73
\BOOKMARK [2][-]{subsection.3.7}{\376\377\000C\000l\000u\000s\000t\000e\000r\000\040\0001\0004\000\040}{section.3}% 74
\BOOKMARK [2][-]{subsection.3.8}{\376\377\000C\000l\000u\000s\000t\000e\000r\000\040\0001\0005\000\040}{section.3}% 75
\BOOKMARK [2][-]{subsection.3.9}{\376\377\000C\000l\000u\000s\000t\000e\000r\000\040\0001\0006\000\040}{section.3}% 76
\BOOKMARK [2][-]{subsection.3.10}{\376\377\000C\000l\000u\000s\000t\000e\000r\000\040\0001\0007\000\040}{section.3}% 77
\BOOKMARK [2][-]{subsection.3.11}{\376\377\000C\000l\000u\000s\000t\000e\000r\000\040\0001\0008\000\040}{section.3}% 78
\BOOKMARK [2][-]{subsection.3.12}{\376\377\000C\000l\000u\000s\000t\000e\000r\000\040\0001\0009\000\040}{section.3}% 79
\BOOKMARK [2][-]{subsection.3.13}{\376\377\000C\000l\000u\000s\000t\000e\000r\000\040\0002\000\040}{section.3}% 80
\BOOKMARK [2][-]{subsection.3.14}{\376\377\000C\000l\000u\000s\000t\000e\000r\000\040\0002\0000\000\040}{section.3}% 81
\BOOKMARK [2][-]{subsection.3.15}{\376\377\000C\000l\000u\000s\000t\000e\000r\000\040\0002\0001\000\040}{section.3}% 82
\BOOKMARK [2][-]{subsection.3.16}{\376\377\000C\000l\000u\000s\000t\000e\000r\000\040\0002\0002\000\040}{section.3}% 83
\BOOKMARK [2][-]{subsection.3.17}{\376\377\000C\000l\000u\000s\000t\000e\000r\000\040\0002\0003\000\040}{section.3}% 84
\BOOKMARK [2][-]{subsection.3.18}{\376\377\000C\000l\000u\000s\000t\000e\000r\000\040\0002\0004\000\040}{section.3}% 85
\BOOKMARK [2][-]{subsection.3.19}{\376\377\000C\000l\000u\000s\000t\000e\000r\000\040\0002\0005\000\040}{section.3}% 86
\BOOKMARK [2][-]{subsection.3.20}{\376\377\000C\000l\000u\000s\000t\000e\000r\000\040\0002\0006\000\040}{section.3}% 87
\BOOKMARK [2][-]{subsection.3.21}{\376\377\000C\000l\000u\000s\000t\000e\000r\000\040\0002\0007\000\040}{section.3}% 88
\BOOKMARK [2][-]{subsection.3.22}{\376\377\000C\000l\000u\000s\000t\000e\000r\000\040\0002\0008\000\040}{section.3}% 89
\BOOKMARK [2][-]{subsection.3.23}{\376\377\000C\000l\000u\000s\000t\000e\000r\000\040\0002\0009\000\040}{section.3}% 90
\BOOKMARK [2][-]{subsection.3.24}{\376\377\000C\000l\000u\000s\000t\000e\000r\000\040\0003\000\040}{section.3}% 91
\BOOKMARK [2][-]{subsection.3.25}{\376\377\000C\000l\000u\000s\000t\000e\000r\000\040\0003\0000\000\040}{section.3}% 92
\BOOKMARK [2][-]{subsection.3.26}{\376\377\000C\000l\000u\000s\000t\000e\000r\000\040\0003\0001\000\040}{section.3}% 93
\BOOKMARK [2][-]{subsection.3.27}{\376\377\000C\000l\000u\000s\000t\000e\000r\000\040\0004\000\040}{section.3}% 94
\BOOKMARK [2][-]{subsection.3.28}{\376\377\000C\000l\000u\000s\000t\000e\000r\000\040\0005\000\040}{section.3}% 95
\BOOKMARK [2][-]{subsection.3.29}{\376\377\000C\000l\000u\000s\000t\000e\000r\000\040\0006\000\040}{section.3}% 96
\BOOKMARK [2][-]{subsection.3.30}{\376\377\000C\000l\000u\000s\000t\000e\000r\000\040\0007\000\040}{section.3}% 97
\BOOKMARK [2][-]{subsection.3.31}{\376\377\000C\000l\000u\000s\000t\000e\000r\000\040\0008\000\040}{section.3}% 98
\BOOKMARK [2][-]{subsection.3.32}{\376\377\000C\000l\000u\000s\000t\000e\000r\000\040\0009\000\040}{section.3}% 99
\BOOKMARK [1][-]{section.4}{\376\377\000Q\0003\000.\0002\000\040\000T\000o\000p\000\040\0001\0000\000\040\000u\000p\000-\000r\000e\000g\000u\000l\000a\000t\000e\000d\000\040\000p\000a\000t\000h\000w\000a\000y\000s\000\040\000w\000i\000t\000h\000\040\000a\000d\000j\000u\000s\000t\000e\000m\000e\000n\000t\000\040\000f\000o\000r\000\040\000c\000o\000n\000f\000o\000n\000d\000a\000n\000t\000\040\000e\000f\000f\000e\000c\000t}{}% 100
\BOOKMARK [2][-]{subsection.4.1}{\376\377\000C\000l\000u\000s\000t\000e\000r\000\040\0000\000\040}{section.4}% 101
\BOOKMARK [2][-]{subsection.4.2}{\376\377\000C\000l\000u\000s\000t\000e\000r\000\040\0001\000\040}{section.4}% 102
\BOOKMARK [2][-]{subsection.4.3}{\376\377\000C\000l\000u\000s\000t\000e\000r\000\040\0002\000\040}{section.4}% 103
\BOOKMARK [2][-]{subsection.4.4}{\376\377\000C\000l\000u\000s\000t\000e\000r\000\040\0003\000\040}{section.4}% 104
\BOOKMARK [2][-]{subsection.4.5}{\376\377\000C\000l\000u\000s\000t\000e\000r\000\040\0004\000\040}{section.4}% 105
\BOOKMARK [2][-]{subsection.4.6}{\376\377\000C\000l\000u\000s\000t\000e\000r\000\040\0005\000\040}{section.4}% 106
\BOOKMARK [2][-]{subsection.4.7}{\376\377\000C\000l\000u\000s\000t\000e\000r\000\040\0006\000\040}{section.4}% 107
\BOOKMARK [2][-]{subsection.4.8}{\376\377\000C\000l\000u\000s\000t\000e\000r\000\040\0007\000\040}{section.4}% 108
\BOOKMARK [2][-]{subsection.4.9}{\376\377\000C\000l\000u\000s\000t\000e\000r\000\040\0008\000\040}{section.4}% 109
\BOOKMARK [2][-]{subsection.4.10}{\376\377\000C\000l\000u\000s\000t\000e\000r\000\040\0009\000\040}{section.4}% 110
\BOOKMARK [2][-]{subsection.4.11}{\376\377\000C\000l\000u\000s\000t\000e\000r\000\040\0001\0000\000\040}{section.4}% 111
\BOOKMARK [2][-]{subsection.4.12}{\376\377\000C\000l\000u\000s\000t\000e\000r\000\040\0001\0001\000\040}{section.4}% 112
\BOOKMARK [2][-]{subsection.4.13}{\376\377\000C\000l\000u\000s\000t\000e\000r\000\040\0001\0002\000\040}{section.4}% 113
\BOOKMARK [2][-]{subsection.4.14}{\376\377\000C\000l\000u\000s\000t\000e\000r\000\040\0001\0003\000\040}{section.4}% 114
\BOOKMARK [2][-]{subsection.4.15}{\376\377\000C\000l\000u\000s\000t\000e\000r\000\040\0001\0004\000\040}{section.4}% 115
\BOOKMARK [2][-]{subsection.4.16}{\376\377\000C\000l\000u\000s\000t\000e\000r\000\040\0001\0005\000\040}{section.4}% 116
\BOOKMARK [2][-]{subsection.4.17}{\376\377\000C\000l\000u\000s\000t\000e\000r\000\040\0001\0006\000\040}{section.4}% 117
\BOOKMARK [2][-]{subsection.4.18}{\376\377\000C\000l\000u\000s\000t\000e\000r\000\040\0001\0007\000\040}{section.4}% 118
\BOOKMARK [2][-]{subsection.4.19}{\376\377\000C\000l\000u\000s\000t\000e\000r\000\040\0001\0008\000\040}{section.4}% 119
\BOOKMARK [2][-]{subsection.4.20}{\376\377\000C\000l\000u\000s\000t\000e\000r\000\040\0001\0009\000\040}{section.4}% 120
\BOOKMARK [2][-]{subsection.4.21}{\376\377\000C\000l\000u\000s\000t\000e\000r\000\040\0002\0000\000\040}{section.4}% 121
\BOOKMARK [2][-]{subsection.4.22}{\376\377\000C\000l\000u\000s\000t\000e\000r\000\040\0002\0001\000\040}{section.4}% 122
\BOOKMARK [2][-]{subsection.4.23}{\376\377\000C\000l\000u\000s\000t\000e\000r\000\040\0002\0002\000\040}{section.4}% 123
\BOOKMARK [2][-]{subsection.4.24}{\376\377\000C\000l\000u\000s\000t\000e\000r\000\040\0002\0003\000\040}{section.4}% 124
\BOOKMARK [2][-]{subsection.4.25}{\376\377\000C\000l\000u\000s\000t\000e\000r\000\040\0002\0004\000\040}{section.4}% 125
\BOOKMARK [2][-]{subsection.4.26}{\376\377\000C\000l\000u\000s\000t\000e\000r\000\040\0002\0005\000\040}{section.4}% 126
\BOOKMARK [2][-]{subsection.4.27}{\376\377\000C\000l\000u\000s\000t\000e\000r\000\040\0002\0006\000\040}{section.4}% 127
\BOOKMARK [2][-]{subsection.4.28}{\376\377\000C\000l\000u\000s\000t\000e\000r\000\040\0002\0007\000\040}{section.4}% 128
\BOOKMARK [2][-]{subsection.4.29}{\376\377\000C\000l\000u\000s\000t\000e\000r\000\040\0002\0008\000\040}{section.4}% 129
\BOOKMARK [2][-]{subsection.4.30}{\376\377\000C\000l\000u\000s\000t\000e\000r\000\040\0002\0009\000\040}{section.4}% 130
\BOOKMARK [2][-]{subsection.4.31}{\376\377\000C\000l\000u\000s\000t\000e\000r\000\040\0003\0000\000\040}{section.4}% 131
\BOOKMARK [2][-]{subsection.4.32}{\376\377\000C\000l\000u\000s\000t\000e\000r\000\040\0003\0001\000\040}{section.4}% 132
